<?xml version="1.0" encoding="UTF-8"?>
<!-- Generated by org.testng.reporters.JUnitReportReporter -->
<testsuite hostname="STFMXC1695" failures="0" tests="1" name="com.sinube.T.SinubeAuto" time="49.186" errors="0" timestamp="26 May 2022 21:14:21 GMT">
  <testcase classname="com.sinube.T.SinubeAuto" name="testWrongData" time="49.186"/>
</testsuite> <!-- com.sinube.T.SinubeAuto -->
